{"numFailedTestSuites":1,"numFailedTests":2,"numPassedTestSuites":13,"numPassedTests":93,"numPendingTestSuites":0,"numPendingTests":0,"numRuntimeErrorTestSuites":0,"numTodoTests":0,"numTotalTestSuites":14,"numTotalTests":95,"openHandles":[],"snapshot":{"added":0,"didUpdate":false,"failure":false,"filesAdded":0,"filesRemoved":0,"filesRemovedList":[],"filesUnmatched":0,"filesUpdated":0,"matched":0,"total":0,"unchecked":0,"uncheckedKeysByFile":[],"unmatched":0,"updated":0},"startTime":1759927442135,"success":false,"testResults":[{"assertionResults":[{"ancestorTitles":["ProcessNormalizer"],"duration":44,"failing":false,"failureDetails":[],"failureMessages":[],"fullName":"ProcessNormalizer validates and normalizes a correct process definition","invocations":1,"location":null,"numPassingAsserts":4,"retryReasons":[],"startAt":1759927444161,"status":"passed","title":"validates and normalizes a correct process definition"},{"ancestorTitles":["ProcessNormalizer"],"duration":2,"failing":false,"failureDetails":[{"matcherResult":{"message":"\u001b[2mexpect(\u001b[22m\u001b[31mreceived\u001b[39m\u001b[2m).\u001b[22mtoContain\u001b[2m(\u001b[22m\u001b[32mexpected\u001b[39m\u001b[2m) // indexOf\u001b[22m\n\nExpected value: \u001b[32m\"Missing required field: id\"\u001b[39m\nReceived array: \u001b[31m[\"Schema: must have required property 'id'\", \"Schema: must have required property 'name'\", \"Schema: must have required property 'start'\"]\u001b[39m","pass":false}}],"failureMessages":["Error: \u001b[2mexpect(\u001b[22m\u001b[31mreceived\u001b[39m\u001b[2m).\u001b[22mtoContain\u001b[2m(\u001b[22m\u001b[32mexpected\u001b[39m\u001b[2m) // indexOf\u001b[22m\n\nExpected value: \u001b[32m\"Missing required field: id\"\u001b[39m\nReceived array: \u001b[31m[\"Schema: must have required property 'id'\", \"Schema: must have required property 'name'\", \"Schema: must have required property 'start'\"]\u001b[39m\n    at Object.<anonymous> (C:\\code\\jpel\\runner-node\\tests\\process-normalizer.test.ts:28:35)\n    at Promise.finally.completed (C:\\code\\jpel\\runner-node\\node_modules\\jest-circus\\build\\jestAdapterInit.js:1557:28)\n    at new Promise (<anonymous>)\n    at callAsyncCircusFn (C:\\code\\jpel\\runner-node\\node_modules\\jest-circus\\build\\jestAdapterInit.js:1497:10)\n    at _callCircusTest (C:\\code\\jpel\\runner-node\\node_modules\\jest-circus\\build\\jestAdapterInit.js:1007:40)\n    at _runTest (C:\\code\\jpel\\runner-node\\node_modules\\jest-circus\\build\\jestAdapterInit.js:947:3)\n    at C:\\code\\jpel\\runner-node\\node_modules\\jest-circus\\build\\jestAdapterInit.js:849:7\n    at _runTestsForDescribeBlock (C:\\code\\jpel\\runner-node\\node_modules\\jest-circus\\build\\jestAdapterInit.js:862:11)\n    at _runTestsForDescribeBlock (C:\\code\\jpel\\runner-node\\node_modules\\jest-circus\\build\\jestAdapterInit.js:857:11)\n    at run (C:\\code\\jpel\\runner-node\\node_modules\\jest-circus\\build\\jestAdapterInit.js:761:3)\n    at runAndTransformResultsToJestFormat (C:\\code\\jpel\\runner-node\\node_modules\\jest-circus\\build\\jestAdapterInit.js:1918:21)\n    at jestAdapter (C:\\code\\jpel\\runner-node\\node_modules\\jest-circus\\build\\runner.js:101:19)\n    at runTestInternal (C:\\code\\jpel\\runner-node\\node_modules\\jest-runner\\build\\index.js:275:16)\n    at runTest (C:\\code\\jpel\\runner-node\\node_modules\\jest-runner\\build\\index.js:343:7)"],"fullName":"ProcessNormalizer reports errors for missing required fields","invocations":1,"location":null,"numPassingAsserts":1,"retryReasons":[],"startAt":1759927444206,"status":"failed","title":"reports errors for missing required fields"},{"ancestorTitles":["ProcessNormalizer"],"duration":1,"failing":false,"failureDetails":[],"failureMessages":[],"fullName":"ProcessNormalizer warns for checkbox field type and normalizes to boolean","invocations":1,"location":null,"numPassingAsserts":3,"retryReasons":[],"startAt":1759927444215,"status":"passed","title":"warns for checkbox field type and normalizes to boolean"},{"ancestorTitles":["ProcessNormalizer"],"duration":1,"failing":false,"failureDetails":[{"matcherResult":{"actual":false,"expected":true,"message":"\u001b[2mexpect(\u001b[22m\u001b[31mreceived\u001b[39m\u001b[2m).\u001b[22mtoBe\u001b[2m(\u001b[22m\u001b[32mexpected\u001b[39m\u001b[2m) // Object.is equality\u001b[22m\n\nExpected: \u001b[32mtrue\u001b[39m\nReceived: \u001b[31mfalse\u001b[39m","name":"toBe","pass":false}}],"failureMessages":["Error: \u001b[2mexpect(\u001b[22m\u001b[31mreceived\u001b[39m\u001b[2m).\u001b[22mtoBe\u001b[2m(\u001b[22m\u001b[32mexpected\u001b[39m\u001b[2m) // Object.is equality\u001b[22m\n\nExpected: \u001b[32mtrue\u001b[39m\nReceived: \u001b[31mfalse\u001b[39m\n    at Object.<anonymous> (C:\\code\\jpel\\runner-node\\tests\\process-normalizer.test.ts:61:106)\n    at Promise.finally.completed (C:\\code\\jpel\\runner-node\\node_modules\\jest-circus\\build\\jestAdapterInit.js:1557:28)\n    at new Promise (<anonymous>)\n    at callAsyncCircusFn (C:\\code\\jpel\\runner-node\\node_modules\\jest-circus\\build\\jestAdapterInit.js:1497:10)\n    at _callCircusTest (C:\\code\\jpel\\runner-node\\node_modules\\jest-circus\\build\\jestAdapterInit.js:1007:40)\n    at _runTest (C:\\code\\jpel\\runner-node\\node_modules\\jest-circus\\build\\jestAdapterInit.js:947:3)\n    at C:\\code\\jpel\\runner-node\\node_modules\\jest-circus\\build\\jestAdapterInit.js:849:7\n    at _runTestsForDescribeBlock (C:\\code\\jpel\\runner-node\\node_modules\\jest-circus\\build\\jestAdapterInit.js:862:11)\n    at _runTestsForDescribeBlock (C:\\code\\jpel\\runner-node\\node_modules\\jest-circus\\build\\jestAdapterInit.js:857:11)\n    at run (C:\\code\\jpel\\runner-node\\node_modules\\jest-circus\\build\\jestAdapterInit.js:761:3)\n    at runAndTransformResultsToJestFormat (C:\\code\\jpel\\runner-node\\node_modules\\jest-circus\\build\\jestAdapterInit.js:1918:21)\n    at jestAdapter (C:\\code\\jpel\\runner-node\\node_modules\\jest-circus\\build\\runner.js:101:19)\n    at runTestInternal (C:\\code\\jpel\\runner-node\\node_modules\\jest-runner\\build\\index.js:275:16)\n    at runTest (C:\\code\\jpel\\runner-node\\node_modules\\jest-runner\\build\\index.js:343:7)"],"fullName":"ProcessNormalizer errors when an activity is missing type","invocations":1,"location":null,"numPassingAsserts":1,"retryReasons":[],"startAt":1759927444217,"status":"failed","title":"errors when an activity is missing type"},{"ancestorTitles":["ProcessNormalizer"],"duration":1,"failing":false,"failureDetails":[],"failureMessages":[],"fullName":"ProcessNormalizer errors when start references missing activity","invocations":1,"location":null,"numPassingAsserts":2,"retryReasons":[],"startAt":1759927444219,"status":"passed","title":"errors when start references missing activity"},{"ancestorTitles":["ProcessNormalizer"],"duration":0,"failing":false,"failureDetails":[],"failureMessages":[],"fullName":"ProcessNormalizer errors when sequence references unknown activity","invocations":1,"location":null,"numPassingAsserts":2,"retryReasons":[],"startAt":1759927444221,"status":"passed","title":"errors when sequence references unknown activity"}],"endTime":1759927444236,"message":"\u001b[1m\u001b[31m  \u001b[1m● \u001b[22m\u001b[1mProcessNormalizer › reports errors for missing required fields\u001b[39m\u001b[22m\n\n    \u001b[2mexpect(\u001b[22m\u001b[31mreceived\u001b[39m\u001b[2m).\u001b[22mtoContain\u001b[2m(\u001b[22m\u001b[32mexpected\u001b[39m\u001b[2m) // indexOf\u001b[22m\n\n    Expected value: \u001b[32m\"Missing required field: id\"\u001b[39m\n    Received array: \u001b[31m[\"Schema: must have required property 'id'\", \"Schema: must have required property 'name'\", \"Schema: must have required property 'start'\"]\u001b[39m\n\u001b[2m\u001b[22m\n\u001b[2m    \u001b[0m \u001b[90m 26 |\u001b[39m         \u001b[36mconst\u001b[39m validation \u001b[33m=\u001b[39m \u001b[33mProcessNormalizer\u001b[39m\u001b[33m.\u001b[39mvalidate(pd)\u001b[33m;\u001b[39m\u001b[22m\n\u001b[2m     \u001b[90m 27 |\u001b[39m         expect(validation\u001b[33m.\u001b[39mvalid)\u001b[33m.\u001b[39mtoBe(\u001b[36mfalse\u001b[39m)\u001b[33m;\u001b[39m\u001b[22m\n\u001b[2m    \u001b[31m\u001b[1m>\u001b[22m\u001b[2m\u001b[39m\u001b[90m 28 |\u001b[39m         expect(validation\u001b[33m.\u001b[39merrors)\u001b[33m.\u001b[39mtoContain(\u001b[32m'Missing required field: id'\u001b[39m)\u001b[33m;\u001b[39m\u001b[22m\n\u001b[2m     \u001b[90m    |\u001b[39m                                   \u001b[31m\u001b[1m^\u001b[22m\u001b[2m\u001b[39m\u001b[22m\n\u001b[2m     \u001b[90m 29 |\u001b[39m         expect(validation\u001b[33m.\u001b[39merrors)\u001b[33m.\u001b[39mtoContain(\u001b[32m'Missing required field: name'\u001b[39m)\u001b[33m;\u001b[39m\u001b[22m\n\u001b[2m     \u001b[90m 30 |\u001b[39m     })\u001b[33m;\u001b[39m\u001b[22m\n\u001b[2m     \u001b[90m 31 |\u001b[39m\u001b[0m\u001b[22m\n\u001b[2m\u001b[22m\n\u001b[2m      \u001b[2mat Object.<anonymous> (\u001b[22m\u001b[2m\u001b[0m\u001b[36mtests/process-normalizer.test.ts\u001b[39m\u001b[0m\u001b[2m:28:35)\u001b[22m\u001b[2m\u001b[22m\n\n\u001b[1m\u001b[31m  \u001b[1m● \u001b[22m\u001b[1mProcessNormalizer › errors when an activity is missing type\u001b[39m\u001b[22m\n\n    \u001b[2mexpect(\u001b[22m\u001b[31mreceived\u001b[39m\u001b[2m).\u001b[22mtoBe\u001b[2m(\u001b[22m\u001b[32mexpected\u001b[39m\u001b[2m) // Object.is equality\u001b[22m\n\n    Expected: \u001b[32mtrue\u001b[39m\n    Received: \u001b[31mfalse\u001b[39m\n\u001b[2m\u001b[22m\n\u001b[2m    \u001b[0m \u001b[90m 59 |\u001b[39m         \u001b[36mconst\u001b[39m validation \u001b[33m=\u001b[39m \u001b[33mProcessNormalizer\u001b[39m\u001b[33m.\u001b[39mvalidate(pd)\u001b[33m;\u001b[39m\u001b[22m\n\u001b[2m     \u001b[90m 60 |\u001b[39m         expect(validation\u001b[33m.\u001b[39mvalid)\u001b[33m.\u001b[39mtoBe(\u001b[36mfalse\u001b[39m)\u001b[33m;\u001b[39m\u001b[22m\n\u001b[2m    \u001b[31m\u001b[1m>\u001b[22m\u001b[2m\u001b[39m\u001b[90m 61 |\u001b[39m         expect(validation\u001b[33m.\u001b[39merrors\u001b[33m.\u001b[39msome(e \u001b[33m=>\u001b[39m e\u001b[33m.\u001b[39mincludes(\u001b[32m\"Activity 'start' missing required field: type\"\u001b[39m)))\u001b[33m.\u001b[39mtoBe(\u001b[36mtrue\u001b[39m)\u001b[33m;\u001b[39m\u001b[22m\n\u001b[2m     \u001b[90m    |\u001b[39m                                                                                                          \u001b[31m\u001b[1m^\u001b[22m\u001b[2m\u001b[39m\u001b[22m\n\u001b[2m     \u001b[90m 62 |\u001b[39m     })\u001b[33m;\u001b[39m\u001b[22m\n\u001b[2m     \u001b[90m 63 |\u001b[39m\u001b[22m\n\u001b[2m     \u001b[90m 64 |\u001b[39m     test(\u001b[32m'errors when start references missing activity'\u001b[39m\u001b[33m,\u001b[39m () \u001b[33m=>\u001b[39m {\u001b[0m\u001b[22m\n\u001b[2m\u001b[22m\n\u001b[2m      \u001b[2mat Object.<anonymous> (\u001b[22m\u001b[2m\u001b[0m\u001b[36mtests/process-normalizer.test.ts\u001b[39m\u001b[0m\u001b[2m:61:106)\u001b[22m\u001b[2m\u001b[22m\n","name":"C:\\code\\jpel\\runner-node\\tests\\process-normalizer.test.ts","startTime":1759927442414,"status":"failed","summary":""},{"assertionResults":[{"ancestorTitles":["API Endpoints FieldValue Integration","Process Instance Creation API"],"duration":59,"failing":false,"failureDetails":[],"failureMessages":[],"fullName":"API Endpoints FieldValue Integration Process Instance Creation API should return FieldValue[] when creating new instance","invocations":1,"location":null,"numPassingAsserts":11,"retryReasons":[],"startAt":1759927445449,"status":"passed","title":"should return FieldValue[] when creating new instance"},{"ancestorTitles":["API Endpoints FieldValue Integration","Current Task API"],"duration":12,"failing":false,"failureDetails":[],"failureMessages":[],"fullName":"API Endpoints FieldValue Integration Current Task API should return FieldValue[] from current-task endpoint","invocations":1,"location":null,"numPassingAsserts":9,"retryReasons":[],"startAt":1759927445508,"status":"passed","title":"should return FieldValue[] from current-task endpoint"},{"ancestorTitles":["API Endpoints FieldValue Integration","Current Task API"],"duration":28,"failing":false,"failureDetails":[],"failureMessages":[],"fullName":"API Endpoints FieldValue Integration Current Task API should return updated FieldValue[] after form submission","invocations":1,"location":null,"numPassingAsserts":3,"retryReasons":[],"startAt":1759927445521,"status":"passed","title":"should return updated FieldValue[] after form submission"},{"ancestorTitles":["API Endpoints FieldValue Integration","Re-run API"],"duration":15,"failing":false,"failureDetails":[],"failureMessages":[],"fullName":"API Endpoints FieldValue Integration Re-run API should preserve FieldValue[] through re-run API","invocations":1,"location":null,"numPassingAsserts":11,"retryReasons":[],"startAt":1759927445550,"status":"passed","title":"should preserve FieldValue[] through re-run API"},{"ancestorTitles":["API Endpoints FieldValue Integration","Field vs FieldValue Type Safety"],"duration":11,"failing":false,"failureDetails":[],"failureMessages":[],"fullName":"API Endpoints FieldValue Integration Field vs FieldValue Type Safety should never return Field[] without value property","invocations":1,"location":null,"numPassingAsserts":4,"retryReasons":[],"startAt":1759927445566,"status":"passed","title":"should never return Field[] without value property"},{"ancestorTitles":["API Endpoints FieldValue Integration","Field vs FieldValue Type Safety"],"duration":10,"failing":false,"failureDetails":[],"failureMessages":[],"fullName":"API Endpoints FieldValue Integration Field vs FieldValue Type Safety should maintain FieldValue structure consistency across all endpoints","invocations":1,"location":null,"numPassingAsserts":20,"retryReasons":[],"startAt":1759927445578,"status":"passed","title":"should maintain FieldValue structure consistency across all endpoints"}],"endTime":1759927445589,"message":"","name":"C:\\code\\jpel\\runner-node\\tests\\api-fieldvalue-integration.test.ts","startTime":1759927444248,"status":"passed","summary":""},{"assertionResults":[{"ancestorTitles":["ProcessEngine Extended Coverage","Process Loading and Management"],"duration":24,"failing":false,"failureDetails":[],"failureMessages":[],"fullName":"ProcessEngine Extended Coverage Process Loading and Management should load and retrieve process definitions","invocations":1,"location":null,"numPassingAsserts":4,"retryReasons":[],"startAt":1759927445811,"status":"passed","title":"should load and retrieve process definitions"},{"ancestorTitles":["ProcessEngine Extended Coverage","Process Loading and Management"],"duration":2,"failing":false,"failureDetails":[],"failureMessages":[],"fullName":"ProcessEngine Extended Coverage Process Loading and Management should handle non-existent process requests","invocations":1,"location":null,"numPassingAsserts":3,"retryReasons":[],"startAt":1759927445836,"status":"passed","title":"should handle non-existent process requests"},{"ancestorTitles":["ProcessEngine Extended Coverage","Process Loading and Management"],"duration":26,"failing":false,"failureDetails":[],"failureMessages":[],"fullName":"ProcessEngine Extended Coverage Process Loading and Management should handle process without start activity","invocations":1,"location":null,"numPassingAsserts":1,"retryReasons":[],"startAt":1759927445839,"status":"passed","title":"should handle process without start activity"},{"ancestorTitles":["ProcessEngine Extended Coverage","Process Loading and Management"],"duration":1,"failing":false,"failureDetails":[],"failureMessages":[],"fullName":"ProcessEngine Extended Coverage Process Loading and Management should handle invalid start activity reference","invocations":1,"location":null,"numPassingAsserts":1,"retryReasons":[],"startAt":1759927445866,"status":"passed","title":"should handle invalid start activity reference"},{"ancestorTitles":["ProcessEngine Extended Coverage","Compute Activity Execution"],"duration":3,"failing":false,"failureDetails":[],"failureMessages":[],"fullName":"ProcessEngine Extended Coverage Compute Activity Execution should execute compute activities successfully","invocations":1,"location":null,"numPassingAsserts":5,"retryReasons":[],"startAt":1759927445867,"status":"passed","title":"should execute compute activities successfully"},{"ancestorTitles":["ProcessEngine Extended Coverage","Compute Activity Execution"],"duration":1,"failing":false,"failureDetails":[],"failureMessages":[],"fullName":"ProcessEngine Extended Coverage Compute Activity Execution should handle compute activity errors","invocations":1,"location":null,"numPassingAsserts":3,"retryReasons":[],"startAt":1759927445870,"status":"passed","title":"should handle compute activity errors"},{"ancestorTitles":["ProcessEngine Extended Coverage","API Activity Execution"],"duration":144,"failing":false,"failureDetails":[],"failureMessages":[],"fullName":"ProcessEngine Extended Coverage API Activity Execution should handle API activity execution","invocations":1,"location":null,"numPassingAsserts":2,"retryReasons":[],"startAt":1759927445872,"status":"passed","title":"should handle API activity execution"},{"ancestorTitles":["ProcessEngine Extended Coverage","Sequence Activity Execution"],"duration":2,"failing":false,"failureDetails":[],"failureMessages":[],"fullName":"ProcessEngine Extended Coverage Sequence Activity Execution should execute sequence activities in order","invocations":1,"location":null,"numPassingAsserts":2,"retryReasons":[],"startAt":1759927446017,"status":"passed","title":"should execute sequence activities in order"},{"ancestorTitles":["ProcessEngine Extended Coverage","Sequence Activity Execution"],"duration":1,"failing":false,"failureDetails":[],"failureMessages":[],"fullName":"ProcessEngine Extended Coverage Sequence Activity Execution should handle empty sequence activities","invocations":1,"location":null,"numPassingAsserts":1,"retryReasons":[],"startAt":1759927446020,"status":"passed","title":"should handle empty sequence activities"},{"ancestorTitles":["ProcessEngine Extended Coverage","Parallel Activity Execution"],"duration":2,"failing":false,"failureDetails":[],"failureMessages":[],"fullName":"ProcessEngine Extended Coverage Parallel Activity Execution should initialize parallel activities","invocations":1,"location":null,"numPassingAsserts":1,"retryReasons":[],"startAt":1759927446021,"status":"passed","title":"should initialize parallel activities"},{"ancestorTitles":["ProcessEngine Extended Coverage","Branch Activity Execution"],"duration":2,"failing":false,"failureDetails":[],"failureMessages":[],"fullName":"ProcessEngine Extended Coverage Branch Activity Execution should execute then branch when condition is true","invocations":1,"location":null,"numPassingAsserts":3,"retryReasons":[],"startAt":1759927446024,"status":"passed","title":"should execute then branch when condition is true"},{"ancestorTitles":["ProcessEngine Extended Coverage","Branch Activity Execution"],"duration":0,"failing":false,"failureDetails":[],"failureMessages":[],"fullName":"ProcessEngine Extended Coverage Branch Activity Execution should execute else branch when condition is false","invocations":1,"location":null,"numPassingAsserts":3,"retryReasons":[],"startAt":1759927446027,"status":"passed","title":"should execute else branch when condition is false"},{"ancestorTitles":["ProcessEngine Extended Coverage","Branch Activity Execution"],"duration":1,"failing":false,"failureDetails":[],"failureMessages":[],"fullName":"ProcessEngine Extended Coverage Branch Activity Execution should handle branch with no else clause","invocations":1,"location":null,"numPassingAsserts":1,"retryReasons":[],"startAt":1759927446028,"status":"passed","title":"should handle branch with no else clause"},{"ancestorTitles":["ProcessEngine Extended Coverage","Switch Activity Execution"],"duration":2,"failing":false,"failureDetails":[],"failureMessages":[],"fullName":"ProcessEngine Extended Coverage Switch Activity Execution should execute matching case in switch","invocations":1,"location":null,"numPassingAsserts":3,"retryReasons":[],"startAt":1759927446030,"status":"passed","title":"should execute matching case in switch"},{"ancestorTitles":["ProcessEngine Extended Coverage","Switch Activity Execution"],"duration":2,"failing":false,"failureDetails":[],"failureMessages":[],"fullName":"ProcessEngine Extended Coverage Switch Activity Execution should execute default case when no match found","invocations":1,"location":null,"numPassingAsserts":2,"retryReasons":[],"startAt":1759927446032,"status":"passed","title":"should execute default case when no match found"},{"ancestorTitles":["ProcessEngine Extended Coverage","Terminate Activity Execution"],"duration":0,"failing":false,"failureDetails":[],"failureMessages":[],"fullName":"ProcessEngine Extended Coverage Terminate Activity Execution should handle successful termination","invocations":1,"location":null,"numPassingAsserts":3,"retryReasons":[],"startAt":1759927446035,"status":"passed","title":"should handle successful termination"},{"ancestorTitles":["ProcessEngine Extended Coverage","Terminate Activity Execution"],"duration":1,"failing":false,"failureDetails":[],"failureMessages":[],"fullName":"ProcessEngine Extended Coverage Terminate Activity Execution should handle failed termination","invocations":1,"location":null,"numPassingAsserts":2,"retryReasons":[],"startAt":1759927446036,"status":"passed","title":"should handle failed termination"},{"ancestorTitles":["ProcessEngine Extended Coverage","Error Handling and Edge Cases"],"duration":1,"failing":false,"failureDetails":[],"failureMessages":[],"fullName":"ProcessEngine Extended Coverage Error Handling and Edge Cases should handle unknown activity types","invocations":1,"location":null,"numPassingAsserts":2,"retryReasons":[],"startAt":1759927446037,"status":"passed","title":"should handle unknown activity types"},{"ancestorTitles":["ProcessEngine Extended Coverage","Error Handling and Edge Cases"],"duration":1,"failing":false,"failureDetails":[],"failureMessages":[],"fullName":"ProcessEngine Extended Coverage Error Handling and Edge Cases should handle invalid activity references","invocations":1,"location":null,"numPassingAsserts":1,"retryReasons":[],"startAt":1759927446039,"status":"passed","title":"should handle invalid activity references"},{"ancestorTitles":["ProcessEngine Extended Coverage","Error Handling and Edge Cases"],"duration":0,"failing":false,"failureDetails":[],"failureMessages":[],"fullName":"ProcessEngine Extended Coverage Error Handling and Edge Cases should handle submit to non-existent instance","invocations":1,"location":null,"numPassingAsserts":2,"retryReasons":[],"startAt":1759927446041,"status":"passed","title":"should handle submit to non-existent instance"},{"ancestorTitles":["ProcessEngine Extended Coverage","Error Handling and Edge Cases"],"duration":0,"failing":false,"failureDetails":[],"failureMessages":[],"fullName":"ProcessEngine Extended Coverage Error Handling and Edge Cases should handle submit to non-running activity","invocations":1,"location":null,"numPassingAsserts":2,"retryReasons":[],"startAt":1759927446042,"status":"passed","title":"should handle submit to non-running activity"},{"ancestorTitles":["ProcessEngine Extended Coverage","Repository Management Methods"],"duration":0,"failing":false,"failureDetails":[],"failureMessages":[],"fullName":"ProcessEngine Extended Coverage Repository Management Methods should get running instances","invocations":1,"location":null,"numPassingAsserts":2,"retryReasons":[],"startAt":1759927446043,"status":"passed","title":"should get running instances"},{"ancestorTitles":["ProcessEngine Extended Coverage","Repository Management Methods"],"duration":1,"failing":false,"failureDetails":[],"failureMessages":[],"fullName":"ProcessEngine Extended Coverage Repository Management Methods should get instances by process ID","invocations":1,"location":null,"numPassingAsserts":2,"retryReasons":[],"startAt":1759927446044,"status":"passed","title":"should get instances by process ID"},{"ancestorTitles":["ProcessEngine Extended Coverage","Repository Management Methods"],"duration":1,"failing":false,"failureDetails":[],"failureMessages":[],"fullName":"ProcessEngine Extended Coverage Repository Management Methods should get instances waiting for human task","invocations":1,"location":null,"numPassingAsserts":2,"retryReasons":[],"startAt":1759927446045,"status":"passed","title":"should get instances waiting for human task"},{"ancestorTitles":["ProcessEngine Extended Coverage","Repository Management Methods"],"duration":2,"failing":false,"failureDetails":[],"failureMessages":[],"fullName":"ProcessEngine Extended Coverage Repository Management Methods should get process statistics","invocations":1,"location":null,"numPassingAsserts":2,"retryReasons":[],"startAt":1759927446046,"status":"passed","title":"should get process statistics"},{"ancestorTitles":["ProcessEngine Extended Coverage","Variable Initialization"],"duration":0,"failing":false,"failureDetails":[],"failureMessages":[],"fullName":"ProcessEngine Extended Coverage Variable Initialization should initialize variables with default values","invocations":1,"location":null,"numPassingAsserts":3,"retryReasons":[],"startAt":1759927446049,"status":"passed","title":"should initialize variables with default values"}],"endTime":1759927446051,"message":"","name":"C:\\code\\jpel\\runner-node\\tests\\process-engine-extended.test.ts","startTime":1759927445595,"status":"passed","summary":""},{"assertionResults":[{"ancestorTitles":["ProcessEngine FieldValue Architecture","Field to FieldValue Conversion"],"duration":28,"failing":false,"failureDetails":[],"failureMessages":[],"fullName":"ProcessEngine FieldValue Architecture Field to FieldValue Conversion should convert Field[] to FieldValue[] when creating process instance","invocations":1,"location":null,"numPassingAsserts":19,"retryReasons":[],"startAt":1759927446241,"status":"passed","title":"should convert Field[] to FieldValue[] when creating process instance"},{"ancestorTitles":["ProcessEngine FieldValue Architecture","Field to FieldValue Conversion"],"duration":1,"failing":false,"failureDetails":[],"failureMessages":[],"fullName":"ProcessEngine FieldValue Architecture Field to FieldValue Conversion should store FieldValue[] in activity instance, not just Field[]","invocations":1,"location":null,"numPassingAsserts":14,"retryReasons":[],"startAt":1759927446270,"status":"passed","title":"should store FieldValue[] in activity instance, not just Field[]"},{"ancestorTitles":["ProcessEngine FieldValue Architecture","FieldValue Persistence"],"duration":1,"failing":false,"failureDetails":[],"failureMessages":[],"fullName":"ProcessEngine FieldValue Architecture FieldValue Persistence should update FieldValue objects when submitting human task","invocations":1,"location":null,"numPassingAsserts":5,"retryReasons":[],"startAt":1759927446272,"status":"passed","title":"should update FieldValue objects when submitting human task"},{"ancestorTitles":["ProcessEngine FieldValue Architecture","FieldValue Preservation in Re-runs"],"duration":2,"failing":false,"failureDetails":[],"failureMessages":[],"fullName":"ProcessEngine FieldValue Architecture FieldValue Preservation in Re-runs should preserve FieldValue data when re-running instance","invocations":1,"location":null,"numPassingAsserts":6,"retryReasons":[],"startAt":1759927446273,"status":"passed","title":"should preserve FieldValue data when re-running instance"},{"ancestorTitles":["ProcessEngine FieldValue Architecture","FieldValue Preservation in Re-runs"],"duration":1,"failing":false,"failureDetails":[],"failureMessages":[],"fullName":"ProcessEngine FieldValue Architecture FieldValue Preservation in Re-runs should use default values for fields not present in original instance","invocations":1,"location":null,"numPassingAsserts":3,"retryReasons":[],"startAt":1759927446275,"status":"passed","title":"should use default values for fields not present in original instance"},{"ancestorTitles":["ProcessEngine FieldValue Architecture","API Consistency"],"duration":1,"failing":false,"failureDetails":[],"failureMessages":[],"fullName":"ProcessEngine FieldValue Architecture API Consistency should return FieldValue[] from executeHumanActivity","invocations":1,"location":null,"numPassingAsserts":11,"retryReasons":[],"startAt":1759927446277,"status":"passed","title":"should return FieldValue[] from executeHumanActivity"},{"ancestorTitles":["ProcessEngine FieldValue Architecture","API Consistency"],"duration":1,"failing":false,"failureDetails":[],"failureMessages":[],"fullName":"ProcessEngine FieldValue Architecture API Consistency should maintain FieldValue structure after re-run","invocations":1,"location":null,"numPassingAsserts":4,"retryReasons":[],"startAt":1759927446278,"status":"passed","title":"should maintain FieldValue structure after re-run"},{"ancestorTitles":["ProcessEngine FieldValue Architecture","Type Safety"],"duration":1,"failing":false,"failureDetails":[],"failureMessages":[],"fullName":"ProcessEngine FieldValue Architecture Type Safety should maintain proper TypeScript types for FieldValue objects","invocations":1,"location":null,"numPassingAsserts":15,"retryReasons":[],"startAt":1759927446279,"status":"passed","title":"should maintain proper TypeScript types for FieldValue objects"}],"endTime":1759927446281,"message":"","name":"C:\\code\\jpel\\runner-node\\tests\\process-engine-fieldvalue.test.ts","startTime":1759927446057,"status":"passed","summary":""},{"assertionResults":[{"ancestorTitles":["Bracket-access JPEL translations"],"duration":27,"failing":false,"failureDetails":[],"failureMessages":[],"fullName":"Bracket-access JPEL translations should write and read a variable with a hyphen using v: syntax","invocations":1,"location":null,"numPassingAsserts":2,"retryReasons":[],"startAt":1759927446455,"status":"passed","title":"should write and read a variable with a hyphen using v: syntax"},{"ancestorTitles":["Bracket-access JPEL translations"],"duration":2,"failing":false,"failureDetails":[],"failureMessages":[],"fullName":"Bracket-access JPEL translations should copy a field with hyphen from a hyphenated activity id into a variable","invocations":1,"location":null,"numPassingAsserts":2,"retryReasons":[],"startAt":1759927446483,"status":"passed","title":"should copy a field with hyphen from a hyphenated activity id into a variable"}],"endTime":1759927446486,"message":"","name":"C:\\code\\jpel\\runner-node\\tests\\bracket-access.test.ts","startTime":1759927446289,"status":"passed","summary":""},{"assertionResults":[{"ancestorTitles":["Long mixed chain execution"],"duration":30,"failing":false,"failureDetails":[],"failureMessages":[],"fullName":"Long mixed chain execution long mixed chain of sequence/switch/branch/nested-sequences completes","invocations":1,"location":null,"numPassingAsserts":2,"retryReasons":[],"startAt":1759927446658,"status":"passed","title":"long mixed chain of sequence/switch/branch/nested-sequences completes"}],"endTime":1759927446689,"message":"","name":"C:\\code\\jpel\\runner-node\\tests\\long-chain-chaining.test.ts","startTime":1759927446494,"status":"passed","summary":""},{"assertionResults":[{"ancestorTitles":["Sequence + Switch Chaining Tests"],"duration":25,"failing":false,"failureDetails":[],"failureMessages":[],"fullName":"Sequence + Switch Chaining Tests sequence containing switch that routes to a human should continue after branch completes","invocations":1,"location":null,"numPassingAsserts":5,"retryReasons":[],"startAt":1759927446859,"status":"passed","title":"sequence containing switch that routes to a human should continue after branch completes"},{"ancestorTitles":["Sequence + Switch Chaining Tests"],"duration":2,"failing":false,"failureDetails":[],"failureMessages":[],"fullName":"Sequence + Switch Chaining Tests switch selecting a nested sequence should allow nested sequence to run and parent to continue","invocations":1,"location":null,"numPassingAsserts":4,"retryReasons":[],"startAt":1759927446885,"status":"passed","title":"switch selecting a nested sequence should allow nested sequence to run and parent to continue"}],"endTime":1759927446888,"message":"","name":"C:\\code\\jpel\\runner-node\\tests\\sequence-switch-chaining.test.ts","startTime":1759927446694,"status":"passed","summary":""},{"assertionResults":[{"ancestorTitles":["Nested Sequence Continuation Tests"],"duration":28,"failing":false,"failureDetails":[],"failureMessages":[],"fullName":"Nested Sequence Continuation Tests should continue main sequence after nested sequence completes","invocations":1,"location":null,"numPassingAsserts":7,"retryReasons":[],"startAt":1759927447052,"status":"passed","title":"should continue main sequence after nested sequence completes"},{"ancestorTitles":["Nested Sequence Continuation Tests"],"duration":2,"failing":false,"failureDetails":[],"failureMessages":[],"fullName":"Nested Sequence Continuation Tests should handle multiple levels of nested sequences","invocations":1,"location":null,"numPassingAsserts":5,"retryReasons":[],"startAt":1759927447081,"status":"passed","title":"should handle multiple levels of nested sequences"}],"endTime":1759927447084,"message":"","name":"C:\\code\\jpel\\runner-node\\tests\\nested-sequence-continuation.test.ts","startTime":1759927446893,"status":"passed","summary":""},{"assertionResults":[{"ancestorTitles":["ProcessEngine compute copying activity field to variable"],"duration":25,"failing":false,"failureDetails":[],"failureMessages":[],"fullName":"ProcessEngine compute copying activity field to variable should copy a human activity field into a process variable using v: syntax","invocations":1,"location":null,"numPassingAsserts":6,"retryReasons":[],"startAt":1759927447245,"status":"passed","title":"should copy a human activity field into a process variable using v: syntax"}],"endTime":1759927447272,"message":"","name":"C:\\code\\jpel\\runner-node\\tests\\process-engine-activity-field-to-variable.test.ts","startTime":1759927447092,"status":"passed","summary":""},{"assertionResults":[{"ancestorTitles":["ActivityInstance native field write access"],"duration":25,"failing":false,"failureDetails":[],"failureMessages":[],"fullName":"ActivityInstance native field write access should allow compute code to set activity.passFail","invocations":1,"location":null,"numPassingAsserts":4,"retryReasons":[],"startAt":1759927447431,"status":"passed","title":"should allow compute code to set activity.passFail"}],"endTime":1759927447458,"message":"","name":"C:\\code\\jpel\\runner-node\\tests\\activity-instance-writes.test.ts","startTime":1759927447281,"status":"passed","summary":""},{"assertionResults":[{"ancestorTitles":["ProcessEngine variable write semantics"],"duration":27,"failing":false,"failureDetails":[],"failureMessages":[],"fullName":"ProcessEngine variable write semantics should allow compute activity to write process variables using v: syntax and persist them","invocations":1,"location":null,"numPassingAsserts":4,"retryReasons":[],"startAt":1759927447613,"status":"passed","title":"should allow compute activity to write process variables using v: syntax and persist them"}],"endTime":1759927447642,"message":"","name":"C:\\code\\jpel\\runner-node\\tests\\process-engine-variable-write.test.ts","startTime":1759927447466,"status":"passed","summary":""},{"assertionResults":[{"ancestorTitles":["ProcessNormalizer Field Reference Validation"],"duration":25,"failing":false,"failureDetails":[],"failureMessages":[],"fullName":"ProcessNormalizer Field Reference Validation should detect invalid field reference in compute activity","invocations":1,"location":null,"numPassingAsserts":3,"retryReasons":[],"startAt":1759927447772,"status":"passed","title":"should detect invalid field reference in compute activity"},{"ancestorTitles":["ProcessNormalizer Field Reference Validation"],"duration":1,"failing":false,"failureDetails":[],"failureMessages":[],"fullName":"ProcessNormalizer Field Reference Validation should detect reference to non-existent activity","invocations":1,"location":null,"numPassingAsserts":3,"retryReasons":[],"startAt":1759927447798,"status":"passed","title":"should detect reference to non-existent activity"},{"ancestorTitles":["ProcessNormalizer Field Reference Validation"],"duration":0,"failing":false,"failureDetails":[],"failureMessages":[],"fullName":"ProcessNormalizer Field Reference Validation should detect reference to non-human activity","invocations":1,"location":null,"numPassingAsserts":2,"retryReasons":[],"startAt":1759927447800,"status":"passed","title":"should detect reference to non-human activity"},{"ancestorTitles":["ProcessNormalizer Field Reference Validation"],"duration":0,"failing":false,"failureDetails":[],"failureMessages":[],"fullName":"ProcessNormalizer Field Reference Validation should validate correct field references","invocations":1,"location":null,"numPassingAsserts":2,"retryReasons":[],"startAt":1759927447801,"status":"passed","title":"should validate correct field references"},{"ancestorTitles":["ProcessNormalizer Field Reference Validation"],"duration":0,"failing":false,"failureDetails":[],"failureMessages":[],"fullName":"ProcessNormalizer Field Reference Validation should detect mic-build.json validation error","invocations":1,"location":null,"numPassingAsserts":2,"retryReasons":[],"startAt":1759927447802,"status":"passed","title":"should detect mic-build.json validation error"}],"endTime":1759927447803,"message":"","name":"C:\\code\\jpel\\runner-node\\tests\\process-normalizer-field-validation.test.ts","startTime":1759927447649,"status":"passed","summary":""},{"assertionResults":[{"ancestorTitles":["ExpressionEvaluator","evaluateCondition"],"duration":2,"failing":false,"failureDetails":[],"failureMessages":[],"fullName":"ExpressionEvaluator evaluateCondition should evaluate simple boolean expressions","invocations":1,"location":null,"numPassingAsserts":1,"retryReasons":[],"startAt":1759927447913,"status":"passed","title":"should evaluate simple boolean expressions"},{"ancestorTitles":["ExpressionEvaluator","evaluateCondition"],"duration":0,"failing":false,"failureDetails":[],"failureMessages":[],"fullName":"ExpressionEvaluator evaluateCondition should evaluate variable references with v: syntax","invocations":1,"location":null,"numPassingAsserts":1,"retryReasons":[],"startAt":1759927447916,"status":"passed","title":"should evaluate variable references with v: syntax"},{"ancestorTitles":["ExpressionEvaluator","evaluateCondition"],"duration":1,"failing":false,"failureDetails":[],"failureMessages":[],"fullName":"ExpressionEvaluator evaluateCondition should evaluate variable references with var: syntax","invocations":1,"location":null,"numPassingAsserts":1,"retryReasons":[],"startAt":1759927447917,"status":"passed","title":"should evaluate variable references with var: syntax"},{"ancestorTitles":["ExpressionEvaluator","evaluateCondition"],"duration":0,"failing":false,"failureDetails":[],"failureMessages":[],"fullName":"ExpressionEvaluator evaluateCondition should evaluate activity variable references","invocations":1,"location":null,"numPassingAsserts":1,"retryReasons":[],"startAt":1759927447918,"status":"passed","title":"should evaluate activity variable references"},{"ancestorTitles":["ExpressionEvaluator","evaluateCondition"],"duration":0,"failing":false,"failureDetails":[],"failureMessages":[],"fullName":"ExpressionEvaluator evaluateCondition should evaluate complex expressions","invocations":1,"location":null,"numPassingAsserts":1,"retryReasons":[],"startAt":1759927447919,"status":"passed","title":"should evaluate complex expressions"},{"ancestorTitles":["ExpressionEvaluator","evaluateCondition"],"duration":0,"failing":false,"failureDetails":[],"failureMessages":[],"fullName":"ExpressionEvaluator evaluateCondition should handle direct variable access","invocations":1,"location":null,"numPassingAsserts":1,"retryReasons":[],"startAt":1759927447920,"status":"passed","title":"should handle direct variable access"},{"ancestorTitles":["ExpressionEvaluator","evaluateCondition"],"duration":10,"failing":false,"failureDetails":[],"failureMessages":[],"fullName":"ExpressionEvaluator evaluateCondition should throw error for invalid expressions","invocations":1,"location":null,"numPassingAsserts":1,"retryReasons":[],"startAt":1759927447921,"status":"passed","title":"should throw error for invalid expressions"},{"ancestorTitles":["ExpressionEvaluator","executeCode"],"duration":1,"failing":false,"failureDetails":[],"failureMessages":[],"fullName":"ExpressionEvaluator executeCode should execute simple assignments","invocations":1,"location":null,"numPassingAsserts":1,"retryReasons":[],"startAt":1759927447932,"status":"passed","title":"should execute simple assignments"},{"ancestorTitles":["ExpressionEvaluator","executeCode"],"duration":0,"failing":false,"failureDetails":[],"failureMessages":[],"fullName":"ExpressionEvaluator executeCode should execute variable assignments with var: syntax","invocations":1,"location":null,"numPassingAsserts":1,"retryReasons":[],"startAt":1759927447934,"status":"passed","title":"should execute variable assignments with var: syntax"},{"ancestorTitles":["ExpressionEvaluator","executeCode"],"duration":0,"failing":false,"failureDetails":[],"failureMessages":[],"fullName":"ExpressionEvaluator executeCode should execute code with direct variable access","invocations":1,"location":null,"numPassingAsserts":1,"retryReasons":[],"startAt":1759927447935,"status":"passed","title":"should execute code with direct variable access"},{"ancestorTitles":["ExpressionEvaluator","executeCode"],"duration":1,"failing":false,"failureDetails":[],"failureMessages":[],"fullName":"ExpressionEvaluator executeCode should handle console.log calls","invocations":1,"location":null,"numPassingAsserts":1,"retryReasons":[],"startAt":1759927447936,"status":"passed","title":"should handle console.log calls"},{"ancestorTitles":["ExpressionEvaluator","executeCode"],"duration":0,"failing":false,"failureDetails":[],"failureMessages":[],"fullName":"ExpressionEvaluator executeCode should execute complex logic","invocations":1,"location":null,"numPassingAsserts":2,"retryReasons":[],"startAt":1759927447937,"status":"passed","title":"should execute complex logic"},{"ancestorTitles":["ExpressionEvaluator","executeCode"],"duration":1,"failing":false,"failureDetails":[],"failureMessages":[],"fullName":"ExpressionEvaluator executeCode should handle this.property assignments for current activity","invocations":1,"location":null,"numPassingAsserts":1,"retryReasons":[],"startAt":1759927447938,"status":"passed","title":"should handle this.property assignments for current activity"},{"ancestorTitles":["ExpressionEvaluator","executeCode"],"duration":1,"failing":false,"failureDetails":[],"failureMessages":[],"fullName":"ExpressionEvaluator executeCode should throw error for invalid code","invocations":1,"location":null,"numPassingAsserts":1,"retryReasons":[],"startAt":1759927447939,"status":"passed","title":"should throw error for invalid code"},{"ancestorTitles":["ExpressionEvaluator","JPEL syntax translation"],"duration":1,"failing":false,"failureDetails":[],"failureMessages":[],"fullName":"ExpressionEvaluator JPEL syntax translation should translate activity variable references","invocations":1,"location":null,"numPassingAsserts":1,"retryReasons":[],"startAt":1759927447940,"status":"passed","title":"should translate activity variable references"},{"ancestorTitles":["ExpressionEvaluator","JPEL syntax translation"],"duration":1,"failing":false,"failureDetails":[],"failureMessages":[],"fullName":"ExpressionEvaluator JPEL syntax translation should translate variable assignments","invocations":1,"location":null,"numPassingAsserts":1,"retryReasons":[],"startAt":1759927447941,"status":"passed","title":"should translate variable assignments"},{"ancestorTitles":["ExpressionEvaluator","JPEL syntax translation"],"duration":0,"failing":false,"failureDetails":[],"failureMessages":[],"fullName":"ExpressionEvaluator JPEL syntax translation should translate variable reads","invocations":1,"location":null,"numPassingAsserts":1,"retryReasons":[],"startAt":1759927447942,"status":"passed","title":"should translate variable reads"},{"ancestorTitles":["ExpressionEvaluator","JPEL syntax translation"],"duration":0,"failing":false,"failureDetails":[],"failureMessages":[],"fullName":"ExpressionEvaluator JPEL syntax translation should translate this.property references","invocations":1,"location":null,"numPassingAsserts":1,"retryReasons":[],"startAt":1759927447943,"status":"passed","title":"should translate this.property references"},{"ancestorTitles":["ExpressionEvaluator","Direct variable access"],"duration":0,"failing":false,"failureDetails":[],"failureMessages":[],"fullName":"ExpressionEvaluator Direct variable access should retrieve activity variable values","invocations":1,"location":null,"numPassingAsserts":1,"retryReasons":[],"startAt":1759927447944,"status":"passed","title":"should retrieve activity variable values"},{"ancestorTitles":["ExpressionEvaluator","Direct variable access"],"duration":0,"failing":false,"failureDetails":[],"failureMessages":[],"fullName":"ExpressionEvaluator Direct variable access should retrieve process variable values","invocations":1,"location":null,"numPassingAsserts":1,"retryReasons":[],"startAt":1759927447945,"status":"passed","title":"should retrieve process variable values"},{"ancestorTitles":["ExpressionEvaluator","Direct variable access"],"duration":0,"failing":false,"failureDetails":[],"failureMessages":[],"fullName":"ExpressionEvaluator Direct variable access should handle undefined variables gracefully","invocations":1,"location":null,"numPassingAsserts":1,"retryReasons":[],"startAt":1759927447946,"status":"passed","title":"should handle undefined variables gracefully"}],"endTime":1759927447950,"message":"","name":"C:\\code\\jpel\\runner-node\\tests\\expression-evaluator.test.ts","startTime":1759927447808,"status":"passed","summary":""},{"assertionResults":[{"ancestorTitles":["FieldValidator","validateField"],"duration":1,"failing":false,"failureDetails":[],"failureMessages":[],"fullName":"FieldValidator validateField should pass validation for required field with valid value","invocations":1,"location":null,"numPassingAsserts":2,"retryReasons":[],"startAt":1759927448052,"status":"passed","title":"should pass validation for required field with valid value"},{"ancestorTitles":["FieldValidator","validateField"],"duration":1,"failing":false,"failureDetails":[],"failureMessages":[],"fullName":"FieldValidator validateField should fail validation for required field with empty value","invocations":1,"location":null,"numPassingAsserts":2,"retryReasons":[],"startAt":1759927448054,"status":"passed","title":"should fail validation for required field with empty value"},{"ancestorTitles":["FieldValidator","validateField"],"duration":1,"failing":false,"failureDetails":[],"failureMessages":[],"fullName":"FieldValidator validateField should pass validation for optional field with empty value","invocations":1,"location":null,"numPassingAsserts":2,"retryReasons":[],"startAt":1759927448055,"status":"passed","title":"should pass validation for optional field with empty value"},{"ancestorTitles":["FieldValidator","validateField"],"duration":1,"failing":false,"failureDetails":[],"failureMessages":[],"fullName":"FieldValidator validateField should validate text field patterns","invocations":1,"location":null,"numPassingAsserts":3,"retryReasons":[],"startAt":1759927448056,"status":"passed","title":"should validate text field patterns"},{"ancestorTitles":["FieldValidator","validateField"],"duration":1,"failing":false,"failureDetails":[],"failureMessages":[],"fullName":"FieldValidator validateField should validate text field length constraints","invocations":1,"location":null,"numPassingAsserts":5,"retryReasons":[],"startAt":1759927448057,"status":"passed","title":"should validate text field length constraints"},{"ancestorTitles":["FieldValidator","validateField"],"duration":0,"failing":false,"failureDetails":[],"failureMessages":[],"fullName":"FieldValidator validateField should validate number fields","invocations":1,"location":null,"numPassingAsserts":5,"retryReasons":[],"startAt":1759927448059,"status":"passed","title":"should validate number fields"},{"ancestorTitles":["FieldValidator","validateField"],"duration":0,"failing":false,"failureDetails":[],"failureMessages":[],"fullName":"FieldValidator validateField should validate select fields","invocations":1,"location":null,"numPassingAsserts":3,"retryReasons":[],"startAt":1759927448060,"status":"passed","title":"should validate select fields"},{"ancestorTitles":["FieldValidator","validateField"],"duration":0,"failing":false,"failureDetails":[],"failureMessages":[],"fullName":"FieldValidator validateField should validate boolean fields","invocations":1,"location":null,"numPassingAsserts":3,"retryReasons":[],"startAt":1759927448061,"status":"passed","title":"should validate boolean fields"},{"ancestorTitles":["FieldValidator","validateField"],"duration":0,"failing":false,"failureDetails":[],"failureMessages":[],"fullName":"FieldValidator validateField should validate date fields","invocations":1,"location":null,"numPassingAsserts":3,"retryReasons":[],"startAt":1759927448062,"status":"passed","title":"should validate date fields"},{"ancestorTitles":["FieldValidator","validateField"],"duration":0,"failing":false,"failureDetails":[],"failureMessages":[],"fullName":"FieldValidator validateField should handle invalid regex patterns gracefully","invocations":1,"location":null,"numPassingAsserts":2,"retryReasons":[],"startAt":1759927448063,"status":"passed","title":"should handle invalid regex patterns gracefully"},{"ancestorTitles":["FieldValidator","validateFields"],"duration":0,"failing":false,"failureDetails":[],"failureMessages":[],"fullName":"FieldValidator validateFields should validate multiple fields and return combined results","invocations":1,"location":null,"numPassingAsserts":2,"retryReasons":[],"startAt":1759927448064,"status":"passed","title":"should validate multiple fields and return combined results"},{"ancestorTitles":["FieldValidator","validateFields"],"duration":1,"failing":false,"failureDetails":[],"failureMessages":[],"fullName":"FieldValidator validateFields should collect errors from multiple invalid fields","invocations":1,"location":null,"numPassingAsserts":3,"retryReasons":[],"startAt":1759927448065,"status":"passed","title":"should collect errors from multiple invalid fields"},{"ancestorTitles":["FieldValidator","validateFields"],"duration":0,"failing":false,"failureDetails":[],"failureMessages":[],"fullName":"FieldValidator validateFields should handle missing fields in data","invocations":1,"location":null,"numPassingAsserts":2,"retryReasons":[],"startAt":1759927448067,"status":"passed","title":"should handle missing fields in data"}],"endTime":1759927448068,"message":"","name":"C:\\code\\jpel\\runner-node\\tests\\field-validator.test.ts","startTime":1759927447956,"status":"passed","summary":""}],"wasInterrupted":false}
